<?xml version="1.0" encoding="UTF-8"?>
<!-- Generated by org.testng.reporters.JUnitReportReporter -->
<testsuite skipped="0" hostname="DESKTOP-2GEJAGQ" name="com.insta.TestCases.LoginTest" tests="1" failures="0" timestamp="15 Jul 2020 10:25:39 GMT" time="864.936" errors="0">
  <testcase name="loginTest" time="864.936" classname="com.insta.TestCases.LoginTest"/>
</testsuite> <!-- com.insta.TestCases.LoginTest -->
